# JRE version: Java(TM) SE Runtime Environment (7.0_79-b15) (build 1.7.0_79-b15)
# Java VM: Java HotSpot(TM) 64-Bit Server VM (24.79-b02 mixed mode windows-amd64 compressed oops)
Heap
 PSYoungGen      total 639488K, used 639465K [0x00000007aaa80000, 0x00000007dcd80000, 0x0000000800000000)
  eden space 529920K, 100% used [0x00000007aaa80000,0x00000007cb000000,0x00000007cb000000)
  from space 109568K, 99% used [0x00000007d3a80000,0x00000007da57a638,0x00000007da580000)
  to   space 141824K, 95% used [0x00000007cb000000,0x00000007d34e49d8,0x00000007d3a80000)
 ParOldGen       total 499200K, used 434819K [0x0000000700000000, 0x000000071e780000, 0x00000007aaa80000)
  object space 499200K, 87% used [0x0000000700000000,0x000000071a8a0ec0,0x000000071e780000)
 PSPermGen       total 21504K, used 6283K [0x00000006fae00000, 0x00000006fc300000, 0x0000000700000000)
  object space 21504K, 29% used [0x00000006fae00000,0x00000006fb422fd8,0x00000006fc300000)
GC Heap History (10 events):
Event: 9.326 GC heap after
Heap after GC invocations=11 (full 2):
 PSYoungGen      total 502784K, used 21422K [0x00000007aaa80000, 0x00000007d0880000, 0x0000000800000000)
  eden space 442368K, 0% used [0x00000007aaa80000,0x00000007aaa80000,0x00000007c5a80000)
  from space 60416K, 35% used [0x00000007c9c80000,0x00000007cb16b9e8,0x00000007cd780000)
  to   space 50176K, 0% used [0x00000007cd780000,0x00000007cd780000,0x00000007d0880000)
 ParOldGen       total 304640K, used 168621K [0x0000000700000000, 0x0000000712980000, 0x00000007aaa80000)
  object space 304640K, 55% used [0x0000000700000000,0x000000070a4ab6a8,0x0000000712980000)
 PSPermGen       total 21504K, used 6179K [0x00000006fae00000, 0x00000006fc300000, 0x0000000700000000)
  object space 21504K, 28% used [0x00000006fae00000,0x00000006fb408eb0,0x00000006fc300000)
}
Event: 9.965 GC heap before
{Heap before GC invocations=12 (full 2):
 PSYoungGen      total 502784K, used 463790K [0x00000007aaa80000, 0x00000007d0880000, 0x0000000800000000)
  eden space 442368K, 100% used [0x00000007aaa80000,0x00000007c5a80000,0x00000007c5a80000)
  from space 60416K, 35% used [0x00000007c9c80000,0x00000007cb16b9e8,0x00000007cd780000)
  to   space 50176K, 0% used [0x00000007cd780000,0x00000007cd780000,0x00000007d0880000)
 ParOldGen       total 304640K, used 168621K [0x0000000700000000, 0x0000000712980000, 0x00000007aaa80000)
  object space 304640K, 55% used [0x0000000700000000,0x000000070a4ab6a8,0x0000000712980000)
 PSPermGen       total 21504K, used 6199K [0x00000006fae00000, 0x00000006fc300000, 0x0000000700000000)
  object space 21504K, 28% used [0x00000006fae00000,0x00000006fb40dce0,0x00000006fc300000)
Event: 10.119 GC heap after
Heap after GC invocations=12 (full 2):
 PSYoungGen      total 516608K, used 50148K [0x00000007aaa80000, 0x00000007d6d80000, 0x0000000800000000)
  eden space 466432K, 0% used [0x00000007aaa80000,0x00000007aaa80000,0x00000007c7200000)
  from space 50176K, 99% used [0x00000007cd780000,0x00000007d08792d8,0x00000007d0880000)
  to   space 103936K, 0% used [0x00000007c7200000,0x00000007c7200000,0x00000007cd780000)
 ParOldGen       total 304640K, used 207147K [0x0000000700000000, 0x0000000712980000, 0x00000007aaa80000)
  object space 304640K, 67% used [0x0000000700000000,0x000000070ca4adf0,0x0000000712980000)
 PSPermGen       total 21504K, used 6199K [0x00000006fae00000, 0x00000006fc300000, 0x0000000700000000)
  object space 21504K, 28% used [0x00000006fae00000,0x00000006fb40dce0,0x00000006fc300000)
}
Event: 10.801 GC heap before
{Heap before GC invocations=13 (full 2):
 PSYoungGen      total 516608K, used 516580K [0x00000007aaa80000, 0x00000007d6d80000, 0x0000000800000000)
  eden space 466432K, 100% used [0x00000007aaa80000,0x00000007c7200000,0x00000007c7200000)
  from space 50176K, 99% used [0x00000007cd780000,0x00000007d08792d8,0x00000007d0880000)
  to   space 103936K, 0% used [0x00000007c7200000,0x00000007c7200000,0x00000007cd780000)
 ParOldGen       total 304640K, used 207147K [0x0000000700000000, 0x0000000712980000, 0x00000007aaa80000)
  object space 304640K, 67% used [0x0000000700000000,0x000000070ca4adf0,0x0000000712980000)
 PSPermGen       total 21504K, used 6236K [0x00000006fae00000, 0x00000006fc300000, 0x0000000700000000)
  object space 21504K, 29% used [0x00000006fae00000,0x00000006fb4170e8,0x00000006fc300000)
Event: 10.966 GC heap after
Heap after GC invocations=13 (full 2):
 PSYoungGen      total 570368K, used 73298K [0x00000007aaa80000, 0x00000007da580000, 0x0000000800000000)
  eden space 466432K, 0% used [0x00000007aaa80000,0x00000007aaa80000,0x00000007c7200000)
  from space 103936K, 70% used [0x00000007c7200000,0x00000007cb994bd0,0x00000007cd780000)
  to   space 109568K, 0% used [0x00000007d3a80000,0x00000007d3a80000,0x00000007da580000)
 ParOldGen       total 304640K, used 257658K [0x0000000700000000, 0x0000000712980000, 0x00000007aaa80000)
  object space 304640K, 84% used [0x0000000700000000,0x000000070fb9eb18,0x0000000712980000)
 PSPermGen       total 21504K, used 6236K [0x00000006fae00000, 0x00000006fc300000, 0x0000000700000000)
  object space 21504K, 29% used [0x00000006fae00000,0x00000006fb4170e8,0x00000006fc300000)
}
Event: 10.966 GC heap before
{Heap before GC invocations=14 (full 3):
 PSYoungGen      total 570368K, used 73298K [0x00000007aaa80000, 0x00000007da580000, 0x0000000800000000)
  eden space 466432K, 0% used [0x00000007aaa80000,0x00000007aaa80000,0x00000007c7200000)
  from space 103936K, 70% used [0x00000007c7200000,0x00000007cb994bd0,0x00000007cd780000)
  to   space 109568K, 0% used [0x00000007d3a80000,0x00000007d3a80000,0x00000007da580000)
 ParOldGen       total 304640K, used 257658K [0x0000000700000000, 0x0000000712980000, 0x00000007aaa80000)
  object space 304640K, 84% used [0x0000000700000000,0x000000070fb9eb18,0x0000000712980000)
 PSPermGen       total 21504K, used 6236K [0x00000006fae00000, 0x00000006fc300000, 0x0000000700000000)
  object space 21504K, 29% used [0x00000006fae00000,0x00000006fb4170e8,0x00000006fc300000)
Event: 12.289 GC heap after
Heap after GC invocations=14 (full 3):
 PSYoungGen      total 570368K, used 17708K [0x00000007aaa80000, 0x00000007da580000, 0x0000000800000000)
  eden space 466432K, 0% used [0x00000007aaa80000,0x00000007aaa80000,0x00000007c7200000)
  from space 103936K, 17% used [0x00000007c7200000,0x00000007c834b100,0x00000007cd780000)
  to   space 109568K, 0% used [0x00000007d3a80000,0x00000007d3a80000,0x00000007da580000)
 ParOldGen       total 499200K, used 304596K [0x0000000700000000, 0x000000071e780000, 0x00000007aaa80000)
  object space 499200K, 61% used [0x0000000700000000,0x00000007129752e8,0x000000071e780000)
 PSPermGen       total 21504K, used 6236K [0x00000006fae00000, 0x00000006fc300000, 0x0000000700000000)
  object space 21504K, 28% used [0x00000006fae00000,0x00000006fb417008,0x00000006fc300000)
}
Event: 13.802 GC heap before
{Heap before GC invocations=15 (full 3):
 PSYoungGen      total 570368K, used 484140K [0x00000007aaa80000, 0x00000007da580000, 0x0000000800000000)
  eden space 466432K, 100% used [0x00000007aaa80000,0x00000007c7200000,0x00000007c7200000)
  from space 103936K, 17% used [0x00000007c7200000,0x00000007c834b100,0x00000007cd780000)
  to   space 109568K, 0% used [0x00000007d3a80000,0x00000007d3a80000,0x00000007da580000)
 ParOldGen       total 499200K, used 304596K [0x0000000700000000, 0x000000071e780000, 0x00000007aaa80000)
  object space 499200K, 61% used [0x0000000700000000,0x00000007129752e8,0x000000071e780000)
 PSPermGen       total 21504K, used 6276K [0x00000006fae00000, 0x00000006fc300000, 0x0000000700000000)
  object space 21504K, 29% used [0x00000006fae00000,0x00000006fb421330,0x00000006fc300000)
Event: 14.025 GC heap after
Heap after GC invocations=15 (full 3):
 PSYoungGen      total 639488K, used 109545K [0x00000007aaa80000, 0x00000007dcd80000, 0x0000000800000000)
  eden space 529920K, 0% used [0x00000007aaa80000,0x00000007aaa80000,0x00000007cb000000)
  from space 109568K, 99% used [0x00000007d3a80000,0x00000007da57a638,0x00000007da580000)
  to   space 141824K, 0% used [0x00000007cb000000,0x00000007cb000000,0x00000007d3a80000)
 ParOldGen       total 499200K, used 343044K [0x0000000700000000, 0x000000071e780000, 0x00000007aaa80000)
  object space 499200K, 68% used [0x0000000700000000,0x0000000714f013e0,0x000000071e780000)
 PSPermGen       total 21504K, used 6276K [0x00000006fae00000, 0x00000006fc300000, 0x0000000700000000)
  object space 21504K, 29% used [0x00000006fae00000,0x00000006fb421330,0x00000006fc300000)
}
Event: 15.374 GC heap before
{Heap before GC invocations=16 (full 3):
 PSYoungGen      total 639488K, used 639465K [0x00000007aaa80000, 0x00000007dcd80000, 0x0000000800000000)
  eden space 529920K, 100% used [0x00000007aaa80000,0x00000007cb000000,0x00000007cb000000)
  from space 109568K, 99% used [0x00000007d3a80000,0x00000007da57a638,0x00000007da580000)
  to   space 141824K, 0% used [0x00000007cb000000,0x00000007cb000000,0x00000007d3a80000)
 ParOldGen       total 499200K, used 343044K [0x0000000700000000, 0x000000071e780000, 0x00000007aaa80000)
  object space 499200K, 68% used [0x0000000700000000,0x0000000714f013e0,0x000000071e780000)
 PSPermGen       total 21504K, used 6283K [0x00000006fae00000, 0x00000006fc300000, 0x0000000700000000)
  object space 21504K, 29% used [0x00000006fae00000,0x00000006fb422fd8,0x00000006fc300000)

